<testsuites id="" name="" tests="1" failures="1" skipped="0" errors="0" time="21.599559000000003">
<testsuite name="reproposal.spec.ts" timestamp="2024-02-13T12:01:50.177Z" hostname="chromium" tests="1" failures="1" skipped="0" time="15.955" errors="0">
<testcase name="E2E testing of member level loading" classname="reproposal.spec.ts" time="15.955">
<properties>
<property name="slow" value="">
</property>
</properties>
<failure message="reproposal.spec.ts:9:6 E2E testing of member level loading" type="FAILURE">
<![CDATA[  [chromium] › reproposal.spec.ts:9:6 › E2E testing of member level loading ────────────────────────

    TypeError: Cannot read properties of undefined (reading 'otp')

       at PlaywrightDevPage.ts:646

      644 | console.log("Getting OTP from DB");
      645 | let otp = res
    > 646 | console.log(otp[0].otp);
          |                    ^
      647 | let otpArray = otp[0].otp.split('')
      648 |
      649 | await this. page.getByPlaceholder('●').first().fill(otpArray[0])

        at PlaywrightDevPage.proceedToOtpPage (/Users/priya.singh/Desktop/test/tests/PlaywrightDevPage.ts:646:20)
        at /Users/priya.singh/Desktop/test/tests/reproposal.spec.ts:19:7
]]>
</failure>
<system-out>
<![CDATA[eldest age of the member 40
[]
Getting OTP from DB
]]>
</system-out>
</testcase>
</testsuite>
</testsuites>